Flutter crash report; please file at https://github.com/flutter/flutter/issues.

## command

flutter build ios -t example/lib/main.dart

## exception

ArgumentError: Invalid argument(s)

```
#0      _StringBase._interpolate (dart:core-patch/string_patch.dart:846:9)
#1      BuildIOSCommand.runCommand (package:flutter_tools/src/commands/build_ios.dart:83:62)
<asynchronous suspension>
#2      FlutterCommand.verifyThenRunCommand (package:flutter_tools/src/runner/flutter_command.dart:559:18)
<asynchronous suspension>
#3      FlutterCommand.run.<anonymous closure> (package:flutter_tools/src/runner/flutter_command.dart:495:33)
<asynchronous suspension>
#4      AppContext.run.<anonymous closure> (package:flutter_tools/src/base/context.dart:142:29)
<asynchronous suspension>
#5      _rootRun (dart:async/zone.dart:1124:13)
#6      _CustomZone.run (dart:async/zone.dart:1021:19)
#7      _runZoned (dart:async/zone.dart:1516:10)
#8      runZoned (dart:async/zone.dart:1463:12)
#9      AppContext.run (package:flutter_tools/src/base/context.dart:141:18)
<asynchronous suspension>
#10     FlutterCommand.run (package:flutter_tools/src/runner/flutter_command.dart:486:20)
#11     CommandRunner.runCommand (package:args/command_runner.dart:196:27)
<asynchronous suspension>
#12     FlutterCommandRunner.runCommand.<anonymous closure> (package:flutter_tools/src/runner/flutter_command_runner.dart:396:21)
<asynchronous suspension>
#13     AppContext.run.<anonymous closure> (package:flutter_tools/src/base/context.dart:142:29)
<asynchronous suspension>
#14     _rootRun (dart:async/zone.dart:1124:13)
#15     _CustomZone.run (dart:async/zone.dart:1021:19)
#16     _runZoned (dart:async/zone.dart:1516:10)
#17     runZoned (dart:async/zone.dart:1463:12)
#18     AppContext.run (package:flutter_tools/src/base/context.dart:141:18)
<asynchronous suspension>
#19     FlutterCommandRunner.runCommand (package:flutter_tools/src/runner/flutter_command_runner.dart:356:19)
<asynchronous suspension>
#20     CommandRunner.run.<anonymous closure> (package:args/command_runner.dart:111:29)
#21     new Future.sync (dart:async/future.dart:224:31)
#22     CommandRunner.run (package:args/command_runner.dart:111:11)
#23     FlutterCommandRunner.run (package:flutter_tools/src/runner/flutter_command_runner.dart:242:18)
#24     run.<anonymous closure> (package:flutter_tools/runner.dart:60:20)
<asynchronous suspension>
#25     AppContext.run.<anonymous closure> (package:flutter_tools/src/base/context.dart:142:29)
<asynchronous suspension>
#26     _rootRun (dart:async/zone.dart:1124:13)
#27     _CustomZone.run (dart:async/zone.dart:1021:19)
#28     _runZoned (dart:async/zone.dart:1516:10)
#29     runZoned (dart:async/zone.dart:1463:12)
#30     AppContext.run (package:flutter_tools/src/base/context.dart:141:18)
<asynchronous suspension>
#31     runInContext (package:flutter_tools/src/context_runner.dart:50:24)
<asynchronous suspension>
#32     run (package:flutter_tools/runner.dart:51:10)
#33     main (package:flutter_tools/executable.dart:60:9)
<asynchronous suspension>
#34     main (file:///Applications/flutter/packages/flutter_tools/bin/flutter_tools.dart:8:3)
#35     _startIsolate.<anonymous closure> (dart:isolate-patch/isolate_patch.dart:298:32)
#36     _RawReceivePortImpl._handleMessage (dart:isolate-patch/isolate_patch.dart:171:12)
```

## flutter doctor

```
[32m[✓][39m Flutter (Channel stable, v1.5.4-hotfix.2, on Mac OS X 10.14.4 18E226, locale zh-Hans-CN)
    [32m•[39m Flutter version 1.5.4-hotfix.2 at /Applications/flutter
    [32m•[39m Framework revision 7a4c33425d (5 weeks ago), 2019-04-29 11:05:24 -0700
    [32m•[39m Engine revision 52c7a1e849
    [32m•[39m Dart version 2.3.0 (build 2.3.0-dev.0.5 a1668566e5)

[32m[✓][39m Android toolchain - develop for Android devices (Android SDK version 28.0.3)
    [32m•[39m Android SDK at /Users/shu/Library/Android/sdk
    [32m•[39m Android NDK location not configured (optional; useful for native profiling support)
    [32m•[39m Platform android-28, build-tools 28.0.3
    [32m•[39m ANDROID_HOME = /Users/shu/Library/Android/sdk
    [32m•[39m Java binary at: /Applications/Android Studio.app/Contents/jre/jdk/Contents/Home/bin/java
    [32m•[39m Java version OpenJDK Runtime Environment (build 1.8.0_152-release-1343-b01)
    [32m•[39m All Android licenses accepted.

[32m[✓][39m iOS toolchain - develop for iOS devices (Xcode 10.1)
    [32m•[39m Xcode at /Applications/Xcode.app/Contents/Developer
    [32m•[39m Xcode 10.1, Build version 10B61
    [32m•[39m ios-deploy 1.9.4
    [32m•[39m CocoaPods version 1.6.0

[32m[✓][39m Android Studio (version 3.4)
    [32m•[39m Android Studio at /Applications/Android Studio.app/Contents
    [32m•[39m Flutter plugin version 35.3.1
    [32m•[39m Dart plugin version 183.6270
    [32m•[39m Java version OpenJDK Runtime Environment (build 1.8.0_152-release-1343-b01)

[32m[✓][39m Connected device (2 available)
    [32m•[39m MIX 2S • 8ae5ffb1                                 • android-arm64 • Android 9 (API 28)
    [32m•[39m iPhone • 60b5e6a0a2cca327a3701d70bc6a2bd4ae11984c • ios           • iOS 12.2

[32m•[39m No issues found!
```
